Log file open, 04/21/20 21:48:43
LogWindows: Failed to load 'aqProf.dll' (GetLastError=126)
LogWindows: File 'aqProf.dll' does not exist
LogWindows: Failed to load 'VtuneApi.dll' (GetLastError=126)
LogWindows: File 'VtuneApi.dll' does not exist
LogWindows: Failed to load 'VtuneApi32e.dll' (GetLastError=126)
LogWindows: File 'VtuneApi32e.dll' does not exist
LogConsoleResponse: Display: Failed to find resolution value strings in scalability ini. Falling back to default.
LogInit: Display: Running engine for game: corssing
LogPlatformFile: Not using cached read wrapper
LogTaskGraph: Started task graph with 5 named threads and 26 total threads with 3 sets of task threads.
LogStats: Stats thread started at 0.049813
LogD3D11RHI: Loaded GFSDK_Aftermath_Lib.x64.dll
LogICUInternationalization: ICU TimeZone Detection - Raw Offset: -8:00, Platform Override: ''
LogPluginManager: Mounting plugin Paper2D
LogPluginManager: Mounting plugin AISupport
LogPluginManager: Mounting plugin LightPropagationVolume
LogPluginManager: Mounting plugin ActorLayerUtilities
LogPluginManager: Mounting plugin AnimationSharing
LogPluginManager: Mounting plugin CLionSourceCodeAccess
LogPluginManager: Mounting plugin CodeLiteSourceCodeAccess
LogPluginManager: Mounting plugin ConcertMain
LogPluginManager: Mounting plugin ConcertSyncClient
LogPluginManager: Mounting plugin ConcertSyncCore
LogPluginManager: Mounting plugin MultiUserClient
LogPluginManager: Mounting plugin GitSourceControl
LogPluginManager: Mounting plugin KDevelopSourceCodeAccess
LogPluginManager: Mounting plugin NullSourceCodeAccess
LogPluginManager: Mounting plugin PerforceSourceControl
LogPluginManager: Mounting plugin PlasticSourceControl
LogPluginManager: Mounting plugin SubversionSourceControl
LogPluginManager: Mounting plugin UObjectPlugin
LogPluginManager: Mounting plugin VisualStudioCodeSourceCodeAccess
LogPluginManager: Mounting plugin VisualStudioSourceCodeAccess
LogPluginManager: Mounting plugin XCodeSourceCodeAccess
LogPluginManager: Mounting plugin AssetManagerEditor
LogPluginManager: Mounting plugin CryptoKeys
LogPluginManager: Mounting plugin CurveEditorTools
LogPluginManager: Mounting plugin DataValidation
LogPluginManager: Mounting plugin FacialAnimation
LogPluginManager: Mounting plugin GameplayTagsEditor
LogPluginManager: Mounting plugin MacGraphicsSwitching
LogPluginManager: Mounting plugin MaterialAnalyzer
LogPluginManager: Mounting plugin MobileLauncherProfileWizard
LogPluginManager: Mounting plugin PluginBrowser
LogPluginManager: Mounting plugin SpeedTreeImporter
LogPluginManager: Mounting plugin DatasmithContent
LogPluginManager: Mounting plugin VariantManagerContent
LogPluginManager: Mounting plugin AlembicImporter
LogPluginManager: Mounting plugin AutomationUtils
LogPluginManager: Mounting plugin BackChannel
LogPluginManager: Mounting plugin CharacterAI
LogPluginManager: Mounting plugin GeometryCache
LogPluginManager: Mounting plugin PlatformCrypto
LogPluginManager: Mounting plugin ProxyLODPlugin
LogPluginManager: Mounting plugin SkeletalReduction
LogPluginManager: Mounting plugin MagicLeap
LogPluginManager: Mounting plugin MagicLeapMedia
LogPluginManager: Mounting plugin MLSDK
LogPluginManager: Mounting plugin AndroidMedia
LogPluginManager: Mounting plugin AvfMedia
LogPluginManager: Mounting plugin ImgMedia
LogPluginManager: Mounting plugin MediaCompositing
LogPluginManager: Mounting plugin MediaPlayerEditor
LogPluginManager: Mounting plugin WebMMedia
LogPluginManager: Mounting plugin WmfMedia
LogPluginManager: Mounting plugin TcpMessaging
LogPluginManager: Mounting plugin UdpMessaging
LogPluginManager: Mounting plugin ActorSequence
LogPluginManager: Mounting plugin LevelSequenceEditor
LogPluginManager: Mounting plugin MatineeToLevelSequence
LogPluginManager: Mounting plugin NetcodeUnitTest
LogPluginManager: Mounting plugin NUTUnrealEngine4
LogPluginManager: Mounting plugin OnlineSubsystemGooglePlay
LogPluginManager: Mounting plugin OnlineSubsystemIOS
LogPluginManager: Mounting plugin OnlineSubsystem
LogPluginManager: Mounting plugin OnlineSubsystemNull
LogPluginManager: Mounting plugin OnlineSubsystemUtils
LogPluginManager: Mounting plugin LauncherChunkInstaller
LogPluginManager: Mounting plugin AndroidDeviceProfileSelector
LogPluginManager: Mounting plugin AndroidMoviePlayer
LogPluginManager: Mounting plugin AndroidPermission
LogPluginManager: Mounting plugin AppleImageUtils
LogPluginManager: Mounting plugin AppleMoviePlayer
LogPluginManager: Mounting plugin ArchVisCharacter
LogPluginManager: Mounting plugin AssetTags
LogPluginManager: Mounting plugin AudioCapture
LogPluginManager: Mounting plugin CableComponent
LogPluginManager: Mounting plugin CustomMeshComponent
LogPluginManager: Mounting plugin SQLiteCore
LogPluginManager: Mounting plugin EditableMesh
LogPluginManager: Mounting plugin ExampleDeviceProfileSelector
LogPluginManager: Mounting plugin GoogleCloudMessaging
LogPluginManager: Mounting plugin IOSDeviceProfileSelector
LogPluginManager: Mounting plugin LinuxDeviceProfileSelector
LogPluginManager: Mounting plugin LocationServicesBPLibrary
LogPluginManager: Mounting plugin MobilePatchingUtils
LogPluginManager: Mounting plugin OculusVR
LogPluginManager: Mounting plugin PhysXVehicles
LogPluginManager: Mounting plugin PostSplashScreen
LogPluginManager: Mounting plugin ProceduralMeshComponent
LogPluginManager: Mounting plugin RuntimePhysXCooking
LogPluginManager: Mounting plugin SignificanceManager
LogPluginManager: Mounting plugin SteamVR
LogPluginManager: Mounting plugin WebMMoviePlayer
LogPluginManager: Mounting plugin WindowsMoviePlayer
LogPluginManager: Mounting plugin ScreenshotTools
LogInit: Using libcurl 7.55.1-DEV
LogInit:  - built for x86_64-pc-win32
LogInit:  - supports SSL with OpenSSL/1.1.1
LogInit:  - supports HTTP deflate (compression) using libz 1.2.8
LogInit:  - other features:
LogInit:      CURL_VERSION_SSL
LogInit:      CURL_VERSION_LIBZ
LogInit:      CURL_VERSION_IPV6
LogInit:      CURL_VERSION_ASYNCHDNS
LogInit:      CURL_VERSION_LARGEFILE
LogInit:      CURL_VERSION_IDN
LogInit:  CurlRequestOptions (configurable via config and command line):
LogInit:  - bVerifyPeer = true  - Libcurl will verify peer certificate
LogInit:  - bUseHttpProxy = false  - Libcurl will NOT use HTTP proxy
LogInit:  - bDontReuseConnections = false  - Libcurl will reuse connections
LogInit:  - MaxHostConnections = 16  - Libcurl will limit the number of connections to a host
LogInit:  - LocalHostAddr = Default
LogInit:  - BufferSize = 65536
LogOnline: OSS: Creating online subsystem instance for: NULL
LogInit: WinSock: version 1.1 (2.2), MaxSocks=32767, MaxUdp=65467
LogOnline: OSS: TryLoadSubsystemAndSetDefault: Loaded subsystem for module [NULL]
LogInit: Build: ++UE4+Release-4.24-CL-11590370
LogInit: Engine Version: 4.24.3-11590370+++UE4+Release-4.24
LogInit: Compatible Engine Version: 4.24.0-10570792+++UE4+Release-4.24
LogInit: Net CL: 10570792
LogInit: OS: Windows 10 (Release 1909) (), CPU: Intel(R) Core(TM) i7-9700K CPU @ 3.60GHz, GPU: NVIDIA GeForce RTX 2060
LogInit: Compiled (64-bit): Feb 24 2020 15:39:18
LogInit: Compiled with Visual C++: 19.16.27032.01
LogInit: Build Configuration: Development
LogInit: Branch Name: ++UE4+Release-4.24
LogInit: Command Line: 
LogInit: Base Directory: C:/Program Files/Epic Games/UE_4.24/Engine/Binaries/Win64/
LogInit: Installed Engine Build: 1
LogDevObjectVersion: Number of dev versions registered: 25
LogDevObjectVersion:   Dev-Blueprints (B0D832E4-1F89-4F0D-ACCF-7EB736FD4AA2): 10
LogDevObjectVersion:   Dev-Build (E1C64328-A22C-4D53-A36C-8E866417BD8C): 0
LogDevObjectVersion:   Dev-Core (375EC13C-06E4-48FB-B500-84F0262A717E): 3
LogDevObjectVersion:   Dev-Editor (E4B068ED-F494-42E9-A231-DA0B2E46BB41): 37
LogDevObjectVersion:   Dev-Framework (CFFC743F-43B0-4480-9391-14DF171D2073): 36
LogDevObjectVersion:   Dev-Mobile (B02B49B5-BB20-44E9-A304-32B752E40360): 2
LogDevObjectVersion:   Dev-Networking (A4E4105C-59A1-49B5-A7C5-40C4547EDFEE): 0
LogDevObjectVersion:   Dev-Online (39C831C9-5AE6-47DC-9A44-9C173E1C8E7C): 0
LogDevObjectVersion:   Dev-Physics (78F01B33-EBEA-4F98-B9B4-84EACCB95AA2): 2
LogDevObjectVersion:   Dev-Platform (6631380F-2D4D-43E0-8009-CF276956A95A): 0
LogDevObjectVersion:   Dev-Rendering (12F88B9F-8875-4AFC-A67C-D90C383ABD29): 36
LogDevObjectVersion:   Dev-Sequencer (7B5AE74C-D270-4C10-A958-57980B212A5A): 11
LogDevObjectVersion:   Dev-VR (D7296918-1DD6-4BDD-9DE2-64A83CC13884): 2
LogDevObjectVersion:   Dev-LoadTimes (C2A15278-BFE7-4AFE-6C17-90FF531DF755): 1
LogDevObjectVersion:   Private-Geometry (6EACA3D4-40EC-4CC1-B786-8BED09428FC5): 3
LogDevObjectVersion:   Dev-AnimPhys (29E575DD-E0A3-4627-9D10-D276232CDCEA): 17
LogDevObjectVersion:   Dev-Anim (AF43A65D-7FD3-4947-9873-3E8ED9C1BB05): 2
LogDevObjectVersion:   Dev-ReflectionCapture (6B266CEC-1EC7-4B8F-A30B-E4D90942FC07): 1
LogDevObjectVersion:   Dev-Automation (0DF73D61-A23F-47EA-B727-89E90C41499A): 1
LogDevObjectVersion:   FortniteMain (601D1886-AC64-4F84-AA16-D3DE0DEAC7D6): 31
LogDevObjectVersion:   Dev-Enterprise (9DFFBCD6-494F-0158-E221-12823C92A888): 8
LogDevObjectVersion:   Dev-Niagara (F2AED0AC-9AFE-416F-8664-AA7FFA26D6FC): 1
LogDevObjectVersion:   Dev-Destruction (174F1F0B-B4C6-45A5-B13F-2EE8D0FB917D): 9
LogDevObjectVersion:   Dev-Physics-Ext (35F94A83-E258-406C-A318-09F59610247C): 8
LogDevObjectVersion:   Dev-CineCamera (B2E18506-4273-CFC2-A54E-F4BB758BBA07): 1
LogInit: Presizing for max 25165824 objects, including 0 objects not considered by GC, pre-allocating 0 bytes for permanent pool.
LogInit: Object subsystem initialized
LogConfig: Setting CVar [[con.DebugEarlyDefault:1]]
LogConfig: Setting CVar [[r.setres:1280x720]]
[2020.04.22-04.48.43:322][  0]LogConfig: Setting CVar [[r.VSync:0]]
[2020.04.22-04.48.43:322][  0]LogConfig: Setting CVar [[r.RHICmdBypass:0]]
[2020.04.22-04.48.43:322][  0]LogConfig: Applying CVar settings from Section [/Script/Engine.RendererSettings] File [C:/Users/jason/Documents/Unreal Projects/corssing/Saved/Config/Windows/Engine.ini]
[2020.04.22-04.48.43:323][  0]LogConfig: Setting CVar [[r.GPUCrashDebugging:0]]
[2020.04.22-04.48.43:323][  0]LogConfig: Applying CVar settings from Section [/Script/Engine.RendererOverrideSettings] File [C:/Users/jason/Documents/Unreal Projects/corssing/Saved/Config/Windows/Engine.ini]
[2020.04.22-04.48.43:323][  0]LogConfig: Applying CVar settings from Section [/Script/Engine.StreamingSettings] File [C:/Users/jason/Documents/Unreal Projects/corssing/Saved/Config/Windows/Engine.ini]
[2020.04.22-04.48.43:323][  0]LogConfig: Setting CVar [[s.MinBulkDataSizeForAsyncLoading:131072]]
[2020.04.22-04.48.43:323][  0]LogConfig: Setting CVar [[s.AsyncLoadingThreadEnabled:0]]
[2020.04.22-04.48.43:323][  0]LogConfig: Setting CVar [[s.EventDrivenLoaderEnabled:1]]
[2020.04.22-04.48.43:323][  0]LogConfig: Setting CVar [[s.WarnIfTimeLimitExceeded:0]]
[2020.04.22-04.48.43:323][  0]LogConfig: Setting CVar [[s.TimeLimitExceededMultiplier:1.5]]
[2020.04.22-04.48.43:323][  0]LogConfig: Setting CVar [[s.TimeLimitExceededMinTime:0.005]]
[2020.04.22-04.48.43:323][  0]LogConfig: Setting CVar [[s.UseBackgroundLevelStreaming:1]]
[2020.04.22-04.48.43:323][  0]LogConfig: Setting CVar [[s.PriorityAsyncLoadingExtraTime:15.0]]
[2020.04.22-04.48.43:323][  0]LogConfig: Setting CVar [[s.LevelStreamingActorsUpdateTimeLimit:5.0]]
[2020.04.22-04.48.43:323][  0]LogConfig: Setting CVar [[s.PriorityLevelStreamingActorsUpdateExtraTime:5.0]]
[2020.04.22-04.48.43:323][  0]LogConfig: Setting CVar [[s.LevelStreamingComponentsRegistrationGranularity:10]]
[2020.04.22-04.48.43:323][  0]LogConfig: Setting CVar [[s.UnregisterComponentsTimeLimit:1.0]]
[2020.04.22-04.48.43:323][  0]LogConfig: Setting CVar [[s.LevelStreamingComponentsUnregistrationGranularity:5]]
[2020.04.22-04.48.43:323][  0]LogConfig: Setting CVar [[s.FlushStreamingOnExit:1]]
[2020.04.22-04.48.43:323][  0]LogConfig: Applying CVar settings from Section [/Script/Engine.GarbageCollectionSettings] File [C:/Users/jason/Documents/Unreal Projects/corssing/Saved/Config/Windows/Engine.ini]
[2020.04.22-04.48.43:323][  0]LogConfig: Setting CVar [[gc.MaxObjectsNotConsideredByGC:1]]
[2020.04.22-04.48.43:323][  0]LogConfig: Setting CVar [[gc.SizeOfPermanentObjectPool:0]]
[2020.04.22-04.48.43:323][  0]LogConfig: Setting CVar [[gc.FlushStreamingOnGC:0]]
[2020.04.22-04.48.43:323][  0]LogConfig: Setting CVar [[gc.NumRetriesBeforeForcingGC:10]]
[2020.04.22-04.48.43:323][  0]LogConfig: Setting CVar [[gc.AllowParallelGC:1]]
[2020.04.22-04.48.43:323][  0]LogConfig: Setting CVar [[gc.TimeBetweenPurgingPendingKillObjects:61.1]]
[2020.04.22-04.48.43:323][  0]LogConfig: Setting CVar [[gc.MaxObjectsInEditor:25165824]]
[2020.04.22-04.48.43:323][  0]LogConfig: Setting CVar [[gc.IncrementalBeginDestroyEnabled:1]]
[2020.04.22-04.48.43:323][  0]LogConfig: Setting CVar [[gc.CreateGCClusters:1]]
[2020.04.22-04.48.43:323][  0]LogConfig: Setting CVar [[gc.MinGCClusterSize:5]]
[2020.04.22-04.48.43:323][  0]LogConfig: Setting CVar [[gc.ActorClusteringEnabled:0]]
[2020.04.22-04.48.43:323][  0]LogConfig: Setting CVar [[gc.BlueprintClusteringEnabled:0]]
[2020.04.22-04.48.43:323][  0]LogConfig: Setting CVar [[gc.UseDisregardForGCOnDedicatedServers:0]]
[2020.04.22-04.48.43:323][  0]LogConfig: Applying CVar settings from Section [/Script/Engine.NetworkSettings] File [C:/Users/jason/Documents/Unreal Projects/corssing/Saved/Config/Windows/Engine.ini]
[2020.04.22-04.48.43:323][  0]LogConfig: Applying CVar settings from Section [/Script/UnrealEd.CookerSettings] File [C:/Users/jason/Documents/Unreal Projects/corssing/Saved/Config/Windows/Engine.ini]
[2020.04.22-04.48.43:324][  0]LogConfig: Applying CVar settings from Section [ViewDistanceQuality@3] File [C:/Users/jason/Documents/Unreal Projects/corssing/Saved/Config/Windows/Scalability.ini]
[2020.04.22-04.48.43:324][  0]LogConfig: Setting CVar [[r.SkeletalMeshLODBias:0]]
[2020.04.22-04.48.43:324][  0]LogConfig: Setting CVar [[r.ViewDistanceScale:1.0]]
[2020.04.22-04.48.43:324][  0]LogConfig: Applying CVar settings from Section [AntiAliasingQuality@3] File [C:/Users/jason/Documents/Unreal Projects/corssing/Saved/Config/Windows/Scalability.ini]
[2020.04.22-04.48.43:324][  0]LogConfig: Setting CVar [[r.PostProcessAAQuality:4]]
[2020.04.22-04.48.43:324][  0]LogConfig: Applying CVar settings from Section [ShadowQuality@3] File [C:/Users/jason/Documents/Unreal Projects/corssing/Saved/Config/Windows/Scalability.ini]
[2020.04.22-04.48.43:324][  0]LogConfig: Setting CVar [[r.LightFunctionQuality:1]]
[2020.04.22-04.48.43:324][  0]LogConfig: Setting CVar [[r.ShadowQuality:5]]
[2020.04.22-04.48.43:324][  0]LogConfig: Setting CVar [[r.Shadow.CSM.MaxCascades:10]]
[2020.04.22-04.48.43:324][  0]LogConfig: Setting CVar [[r.Shadow.MaxResolution:2048]]
[2020.04.22-04.48.43:324][  0]LogConfig: Setting CVar [[r.Shadow.MaxCSMResolution:2048]]
[2020.04.22-04.48.43:324][  0]LogConfig: Setting CVar [[r.Shadow.RadiusThreshold:0.01]]
[2020.04.22-04.48.43:324][  0]LogConfig: Setting CVar [[r.Shadow.DistanceScale:1.0]]
[2020.04.22-04.48.43:324][  0]LogConfig: Setting CVar [[r.Shadow.CSM.TransitionScale:1.0]]
[2020.04.22-04.48.43:324][  0]LogConfig: Setting CVar [[r.Shadow.PreShadowResolutionFactor:1.0]]
[2020.04.22-04.48.43:324][  0]LogConfig: Setting CVar [[r.DistanceFieldShadowing:1]]
[2020.04.22-04.48.43:324][  0]LogConfig: Setting CVar [[r.DistanceFieldAO:1]]
[2020.04.22-04.48.43:324][  0]LogConfig: Setting CVar [[r.AOQuality:2]]
[2020.04.22-04.48.43:324][  0]LogConfig: Setting CVar [[r.VolumetricFog:1]]
[2020.04.22-04.48.43:325][  0]LogConfig: Setting CVar [[r.VolumetricFog.GridPixelSize:8]]
[2020.04.22-04.48.43:325][  0]LogConfig: Setting CVar [[r.VolumetricFog.GridSizeZ:128]]
[2020.04.22-04.48.43:325][  0]LogConfig: Setting CVar [[r.VolumetricFog.HistoryMissSupersampleCount:4]]
[2020.04.22-04.48.43:325][  0]LogConfig: Setting CVar [[r.LightMaxDrawDistanceScale:1]]
[2020.04.22-04.48.43:325][  0]LogConfig: Setting CVar [[r.CapsuleShadows:1]]
[2020.04.22-04.48.43:325][  0]LogConfig: Applying CVar settings from Section [PostProcessQuality@3] File [C:/Users/jason/Documents/Unreal Projects/corssing/Saved/Config/Windows/Scalability.ini]
[2020.04.22-04.48.43:325][  0]LogConfig: Setting CVar [[r.MotionBlurQuality:4]]
[2020.04.22-04.48.43:325][  0]LogConfig: Setting CVar [[r.AmbientOcclusionMipLevelFactor:0.4]]
[2020.04.22-04.48.43:325][  0]LogConfig: Setting CVar [[r.AmbientOcclusionMaxQuality:100]]
[2020.04.22-04.48.43:325][  0]LogConfig: Setting CVar [[r.AmbientOcclusionLevels:-1]]
[2020.04.22-04.48.43:325][  0]LogConfig: Setting CVar [[r.AmbientOcclusionRadiusScale:1.0]]
[2020.04.22-04.48.43:325][  0]LogConfig: Setting CVar [[r.DepthOfFieldQuality:2]]
[2020.04.22-04.48.43:325][  0]LogConfig: Setting CVar [[r.RenderTargetPoolMin:400]]
[2020.04.22-04.48.43:325][  0]LogConfig: Setting CVar [[r.LensFlareQuality:2]]
[2020.04.22-04.48.43:325][  0]LogConfig: Setting CVar [[r.SceneColorFringeQuality:1]]
[2020.04.22-04.48.43:325][  0]LogConfig: Setting CVar [[r.EyeAdaptationQuality:2]]
[2020.04.22-04.48.43:325][  0]LogConfig: Setting CVar [[r.BloomQuality:5]]
[2020.04.22-04.48.43:325][  0]LogConfig: Setting CVar [[r.FastBlurThreshold:100]]
[2020.04.22-04.48.43:325][  0]LogConfig: Setting CVar [[r.Upscale.Quality:3]]
[2020.04.22-04.48.43:325][  0]LogConfig: Setting CVar [[r.Tonemapper.GrainQuantization:1]]
[2020.04.22-04.48.43:325][  0]LogConfig: Setting CVar [[r.LightShaftQuality:1]]
[2020.04.22-04.48.43:325][  0]LogConfig: Setting CVar [[r.Filter.SizeScale:1]]
[2020.04.22-04.48.43:325][  0]LogConfig: Setting CVar [[r.Tonemapper.Quality:5]]
[2020.04.22-04.48.43:325][  0]LogConfig: Setting CVar [[r.DOF.Gather.AccumulatorQuality:1        ; higher gathering accumulator quality]]
[2020.04.22-04.48.43:325][  0]LogConfig: Setting CVar [[r.DOF.Gather.PostfilterMethod:1          ; Median3x3 postfilering method]]
[2020.04.22-04.48.43:325][  0]LogConfig: Setting CVar [[r.DOF.Gather.EnableBokehSettings:0       ; no bokeh simulation when gathering]]
[2020.04.22-04.48.43:325][  0]LogConfig: Setting CVar [[r.DOF.Gather.RingCount:4                 ; medium number of samples when gathering]]
[2020.04.22-04.48.43:325][  0]LogConfig: Setting CVar [[r.DOF.Scatter.ForegroundCompositing:1    ; additive foreground scattering]]
[2020.04.22-04.48.43:325][  0]LogConfig: Setting CVar [[r.DOF.Scatter.BackgroundCompositing:2    ; additive background scattering]]
[2020.04.22-04.48.43:325][  0]LogConfig: Setting CVar [[r.DOF.Scatter.EnableBokehSettings:1      ; bokeh simulation when scattering]]
[2020.04.22-04.48.43:325][  0]LogConfig: Setting CVar [[r.DOF.Scatter.MaxSpriteRatio:0.1         ; only a maximum of 10% of scattered bokeh]]
[2020.04.22-04.48.43:325][  0]LogConfig: Setting CVar [[r.DOF.Recombine.Quality:1                ; cheap slight out of focus]]
[2020.04.22-04.48.43:325][  0]LogConfig: Setting CVar [[r.DOF.Recombine.EnableBokehSettings:0    ; no bokeh simulation on slight out of focus]]
[2020.04.22-04.48.43:325][  0]LogConfig: Setting CVar [[r.DOF.TemporalAAQuality:1                ; more stable temporal accumulation]]
[2020.04.22-04.48.43:325][  0]LogConfig: Setting CVar [[r.DOF.Kernel.MaxForegroundRadius:0.025]]
[2020.04.22-04.48.43:325][  0]LogConfig: Setting CVar [[r.DOF.Kernel.MaxBackgroundRadius:0.025]]
[2020.04.22-04.48.43:325][  0]LogConfig: Applying CVar settings from Section [TextureQuality@3] File [C:/Users/jason/Documents/Unreal Projects/corssing/Saved/Config/Windows/Scalability.ini]
[2020.04.22-04.48.43:325][  0]LogConfig: Setting CVar [[r.Streaming.MipBias:0]]
[2020.04.22-04.48.43:325][  0]LogConfig: Setting CVar [[r.Streaming.AmortizeCPUToGPUCopy:0]]
[2020.04.22-04.48.43:325][  0]LogConfig: Setting CVar [[r.Streaming.MaxNumTexturesToStreamPerFrame:0]]
[2020.04.22-04.48.43:325][  0]LogConfig: Setting CVar [[r.Streaming.Boost:1]]
[2020.04.22-04.48.43:325][  0]LogConfig: Setting CVar [[r.MaxAnisotropy:8]]
[2020.04.22-04.48.43:325][  0]LogConfig: Setting CVar [[r.VT.MaxAnisotropy:8]]
[2020.04.22-04.48.43:325][  0]LogConfig: Setting CVar [[r.Streaming.LimitPoolSizeToVRAM:0]]
[2020.04.22-04.48.43:325][  0]LogConfig: Setting CVar [[r.Streaming.PoolSize:1000]]
[2020.04.22-04.48.43:325][  0]LogConfig: Setting CVar [[r.Streaming.MaxEffectiveScreenSize:0]]
[2020.04.22-04.48.43:325][  0]LogConfig: Applying CVar settings from Section [EffectsQuality@3] File [C:/Users/jason/Documents/Unreal Projects/corssing/Saved/Config/Windows/Scalability.ini]
[2020.04.22-04.48.43:325][  0]LogConfig: Setting CVar [[r.TranslucencyLightingVolumeDim:64]]
[2020.04.22-04.48.43:325][  0]LogConfig: Setting CVar [[r.RefractionQuality:2]]
[2020.04.22-04.48.43:325][  0]LogConfig: Setting CVar [[r.SSR.Quality:3]]
[2020.04.22-04.48.43:325][  0]LogConfig: Setting CVar [[r.SSR.HalfResSceneColor:0]]
[2020.04.22-04.48.43:325][  0]LogConfig: Setting CVar [[r.SceneColorFormat:4]]
[2020.04.22-04.48.43:325][  0]LogConfig: Setting CVar [[r.DetailMode:2]]
[2020.04.22-04.48.43:325][  0]LogConfig: Setting CVar [[r.TranslucencyVolumeBlur:1]]
[2020.04.22-04.48.43:325][  0]LogConfig: Setting CVar [[r.MaterialQualityLevel:1 ; High quality]]
[2020.04.22-04.48.43:325][  0]LogConfig: Setting CVar [[r.SSS.Scale:1]]
[2020.04.22-04.48.43:325][  0]LogConfig: Setting CVar [[r.SSS.SampleSet:2]]
[2020.04.22-04.48.43:325][  0]LogConfig: Setting CVar [[r.SSS.Quality:1]]
[2020.04.22-04.48.43:325][  0]LogConfig: Setting CVar [[r.SSS.HalfRes:1]]
[2020.04.22-04.48.43:325][  0]LogConfig: Setting CVar [[r.SSGI.Quality:3]]
[2020.04.22-04.48.43:325][  0]LogConfig: Setting CVar [[r.EmitterSpawnRateScale:1.0]]
[2020.04.22-04.48.43:325][  0]LogConfig: Setting CVar [[r.ParticleLightQuality:2]]
[2020.04.22-04.48.43:325][  0]LogConfig: Setting CVar [[r.SkyAtmosphere.AerialPerspectiveLUT.FastApplyOnOpaque:1 ; Always have FastSkyLUT 1 in this case to avoid wrong sky]]
[2020.04.22-04.48.43:325][  0]LogConfig: Setting CVar [[r.SkyAtmosphere.AerialPerspectiveLUT.SampleCountPerSlice:1]]
[2020.04.22-04.48.43:325][  0]LogConfig: Setting CVar [[r.SkyAtmosphere.AerialPerspectiveLUT.DepthResolution:16.0]]
[2020.04.22-04.48.43:325][  0]LogConfig: Setting CVar [[r.SkyAtmosphere.FastSkyLUT:1]]
[2020.04.22-04.48.43:325][  0]LogConfig: Setting CVar [[r.SkyAtmosphere.FastSkyLUT.SampleCountMin:4.0]]
[2020.04.22-04.48.43:325][  0]LogConfig: Setting CVar [[r.SkyAtmosphere.FastSkyLUT.SampleCountMax:32.0]]
[2020.04.22-04.48.43:325][  0]LogConfig: Setting CVar [[r.SkyAtmosphere.SampleCountMin:4.0]]
[2020.04.22-04.48.43:325][  0]LogConfig: Setting CVar [[r.SkyAtmosphere.SampleCountMax:32.0]]
[2020.04.22-04.48.43:325][  0]LogConfig: Setting CVar [[r.SkyAtmosphere.TransmittanceLUT.UseSmallFormat:0]]
[2020.04.22-04.48.43:325][  0]LogConfig: Setting CVar [[r.SkyAtmosphere.TransmittanceLUT.SampleCount:10.0]]
[2020.04.22-04.48.43:325][  0]LogConfig: Setting CVar [[r.SkyAtmosphere.MultiScatteringLUT.SampleCount:15.0]]
[2020.04.22-04.48.43:325][  0]LogConfig: Applying CVar settings from Section [FoliageQuality@3] File [C:/Users/jason/Documents/Unreal Projects/corssing/Saved/Config/Windows/Scalability.ini]
[2020.04.22-04.48.43:325][  0]LogConfig: Setting CVar [[foliage.DensityScale:1.0]]
[2020.04.22-04.48.43:325][  0]LogConfig: Setting CVar [[grass.DensityScale:1.0]]
[2020.04.22-04.48.43:325][  0]LogConfig: Applying CVar settings from Section [ShadingQuality@3] File [C:/Users/jason/Documents/Unreal Projects/corssing/Saved/Config/Windows/Scalability.ini]
[2020.04.22-04.48.43:325][  0]LogConfig: Setting CVar [[r.HairStrands.SkyLighting.SampleCount:16]]
[2020.04.22-04.48.43:325][  0]LogConfig: Setting CVar [[r.HairStrands.SkyLighting.JitterIntegration:0]]
[2020.04.22-04.48.43:325][  0]LogConfig: Setting CVar [[r.HairStrands.SkyAO.SampleCount:16]]
[2020.04.22-04.48.43:325][  0]LogInit: Selected Device Profile: [Windows]
[2020.04.22-04.48.43:325][  0]LogInit: Applying CVar settings loaded from the selected device profile: [Windows]
[2020.04.22-04.48.43:327][  0]LogHAL: Display: Platform has ~ 16 GB [17093627904 / 17179869184 / 16], which maps to Larger [LargestMinGB=32, LargerMinGB=12, DefaultMinGB=8, SmallerMinGB=6, SmallestMinGB=0)
[2020.04.22-04.48.43:327][  0]LogInit: Going up to parent DeviceProfile []
[2020.04.22-04.48.43:327][  0]LogConfig: Applying CVar settings from Section [ViewDistanceQuality@3] File [C:/Users/jason/Documents/Unreal Projects/corssing/Saved/Config/Windows/Scalability.ini]
[2020.04.22-04.48.43:327][  0]LogConfig: Setting CVar [[r.SkeletalMeshLODBias:0]]
[2020.04.22-04.48.43:327][  0]LogConfig: Setting CVar [[r.ViewDistanceScale:1.0]]
[2020.04.22-04.48.43:327][  0]LogConfig: Applying CVar settings from Section [AntiAliasingQuality@3] File [C:/Users/jason/Documents/Unreal Projects/corssing/Saved/Config/Windows/Scalability.ini]
[2020.04.22-04.48.43:327][  0]LogConfig: Setting CVar [[r.PostProcessAAQuality:4]]
[2020.04.22-04.48.43:327][  0]LogConfig: Applying CVar settings from Section [ShadowQuality@3] File [C:/Users/jason/Documents/Unreal Projects/corssing/Saved/Config/Windows/Scalability.ini]
[2020.04.22-04.48.43:327][  0]LogConfig: Setting CVar [[r.LightFunctionQuality:1]]
[2020.04.22-04.48.43:327][  0]LogConfig: Setting CVar [[r.ShadowQuality:5]]
[2020.04.22-04.48.43:327][  0]LogConfig: Setting CVar [[r.Shadow.CSM.MaxCascades:10]]
[2020.04.22-04.48.43:327][  0]LogConfig: Setting CVar [[r.Shadow.MaxResolution:2048]]
[2020.04.22-04.48.43:327][  0]LogConfig: Setting CVar [[r.Shadow.MaxCSMResolution:2048]]
[2020.04.22-04.48.43:327][  0]LogConfig: Setting CVar [[r.Shadow.RadiusThreshold:0.01]]
[2020.04.22-04.48.43:327][  0]LogConfig: Setting CVar [[r.Shadow.DistanceScale:1.0]]
[2020.04.22-04.48.43:327][  0]LogConfig: Setting CVar [[r.Shadow.CSM.TransitionScale:1.0]]
[2020.04.22-04.48.43:327][  0]LogConfig: Setting CVar [[r.Shadow.PreShadowResolutionFactor:1.0]]
[2020.04.22-04.48.43:327][  0]LogConfig: Setting CVar [[r.DistanceFieldShadowing:1]]
[2020.04.22-04.48.43:327][  0]LogConfig: Setting CVar [[r.DistanceFieldAO:1]]
[2020.04.22-04.48.43:327][  0]LogConfig: Setting CVar [[r.AOQuality:2]]
[2020.04.22-04.48.43:327][  0]LogConfig: Setting CVar [[r.VolumetricFog:1]]
[2020.04.22-04.48.43:327][  0]LogConfig: Setting CVar [[r.VolumetricFog.GridPixelSize:8]]
[2020.04.22-04.48.43:327][  0]LogConfig: Setting CVar [[r.VolumetricFog.GridSizeZ:128]]
[2020.04.22-04.48.43:327][  0]LogConfig: Setting CVar [[r.VolumetricFog.HistoryMissSupersampleCount:4]]
[2020.04.22-04.48.43:327][  0]LogConfig: Setting CVar [[r.LightMaxDrawDistanceScale:1]]
[2020.04.22-04.48.43:327][  0]LogConfig: Setting CVar [[r.CapsuleShadows:1]]
[2020.04.22-04.48.43:327][  0]LogConfig: Applying CVar settings from Section [PostProcessQuality@3] File [C:/Users/jason/Documents/Unreal Projects/corssing/Saved/Config/Windows/Scalability.ini]
[2020.04.22-04.48.43:328][  0]LogConfig: Setting CVar [[r.MotionBlurQuality:4]]
[2020.04.22-04.48.43:328][  0]LogConfig: Setting CVar [[r.AmbientOcclusionMipLevelFactor:0.4]]
[2020.04.22-04.48.43:328][  0]LogConfig: Setting CVar [[r.AmbientOcclusionMaxQuality:100]]
[2020.04.22-04.48.43:328][  0]LogConfig: Setting CVar [[r.AmbientOcclusionLevels:-1]]
[2020.04.22-04.48.43:328][  0]LogConfig: Setting CVar [[r.AmbientOcclusionRadiusScale:1.0]]
[2020.04.22-04.48.43:328][  0]LogConfig: Setting CVar [[r.DepthOfFieldQuality:2]]
[2020.04.22-04.48.43:328][  0]LogConfig: Setting CVar [[r.RenderTargetPoolMin:400]]
[2020.04.22-04.48.43:328][  0]LogConfig: Setting CVar [[r.LensFlareQuality:2]]
[2020.04.22-04.48.43:328][  0]LogConfig: Setting CVar [[r.SceneColorFringeQuality:1]]
[2020.04.22-04.48.43:328][  0]LogConfig: Setting CVar [[r.EyeAdaptationQuality:2]]
[2020.04.22-04.48.43:328][  0]LogConfig: Setting CVar [[r.BloomQuality:5]]
[2020.04.22-04.48.43:328][  0]LogConfig: Setting CVar [[r.FastBlurThreshold:100]]
[2020.04.22-04.48.43:328][  0]LogConfig: Setting CVar [[r.Upscale.Quality:3]]
[2020.04.22-04.48.43:328][  0]LogConfig: Setting CVar [[r.Tonemapper.GrainQuantization:1]]
[2020.04.22-04.48.43:328][  0]LogConfig: Setting CVar [[r.LightShaftQuality:1]]
[2020.04.22-04.48.43:328][  0]LogConfig: Setting CVar [[r.Filter.SizeScale:1]]
[2020.04.22-04.48.43:328][  0]LogConfig: Setting CVar [[r.Tonemapper.Quality:5]]
[2020.04.22-04.48.43:328][  0]LogConfig: Setting CVar [[r.DOF.Gather.AccumulatorQuality:1        ; higher gathering accumulator quality]]
[2020.04.22-04.48.43:328][  0]LogConfig: Setting CVar [[r.DOF.Gather.PostfilterMethod:1          ; Median3x3 postfilering method]]
[2020.04.22-04.48.43:328][  0]LogConfig: Setting CVar [[r.DOF.Gather.EnableBokehSettings:0       ; no bokeh simulation when gathering]]
[2020.04.22-04.48.43:328][  0]LogConfig: Setting CVar [[r.DOF.Gather.RingCount:4                 ; medium number of samples when gathering]]
[2020.04.22-04.48.43:328][  0]LogConfig: Setting CVar [[r.DOF.Scatter.ForegroundCompositing:1    ; additive foreground scattering]]
[2020.04.22-04.48.43:328][  0]LogConfig: Setting CVar [[r.DOF.Scatter.BackgroundCompositing:2    ; additive background scattering]]
[2020.04.22-04.48.43:328][  0]LogConfig: Setting CVar [[r.DOF.Scatter.EnableBokehSettings:1      ; bokeh simulation when scattering]]
[2020.04.22-04.48.43:328][  0]LogConfig: Setting CVar [[r.DOF.Scatter.MaxSpriteRatio:0.1         ; only a maximum of 10% of scattered bokeh]]
[2020.04.22-04.48.43:328][  0]LogConfig: Setting CVar [[r.DOF.Recombine.Quality:1                ; cheap slight out of focus]]
[2020.04.22-04.48.43:328][  0]LogConfig: Setting CVar [[r.DOF.Recombine.EnableBokehSettings:0    ; no bokeh simulation on slight out of focus]]
[2020.04.22-04.48.43:328][  0]LogConfig: Setting CVar [[r.DOF.TemporalAAQuality:1                ; more stable temporal accumulation]]
[2020.04.22-04.48.43:328][  0]LogConfig: Setting CVar [[r.DOF.Kernel.MaxForegroundRadius:0.025]]
[2020.04.22-04.48.43:328][  0]LogConfig: Setting CVar [[r.DOF.Kernel.MaxBackgroundRadius:0.025]]
[2020.04.22-04.48.43:328][  0]LogConfig: Applying CVar settings from Section [TextureQuality@3] File [C:/Users/jason/Documents/Unreal Projects/corssing/Saved/Config/Windows/Scalability.ini]
[2020.04.22-04.48.43:328][  0]LogConfig: Setting CVar [[r.Streaming.MipBias:0]]
[2020.04.22-04.48.43:328][  0]LogConfig: Setting CVar [[r.Streaming.AmortizeCPUToGPUCopy:0]]
[2020.04.22-04.48.43:328][  0]LogConfig: Setting CVar [[r.Streaming.MaxNumTexturesToStreamPerFrame:0]]
[2020.04.22-04.48.43:328][  0]LogConfig: Setting CVar [[r.Streaming.Boost:1]]
[2020.04.22-04.48.43:328][  0]LogConfig: Setting CVar [[r.MaxAnisotropy:8]]
[2020.04.22-04.48.43:328][  0]LogConfig: Setting CVar [[r.VT.MaxAnisotropy:8]]
[2020.04.22-04.48.43:328][  0]LogConfig: Setting CVar [[r.Streaming.LimitPoolSizeToVRAM:0]]
[2020.04.22-04.48.43:328][  0]LogConfig: Setting CVar [[r.Streaming.PoolSize:1000]]
[2020.04.22-04.48.43:328][  0]LogConfig: Setting CVar [[r.Streaming.MaxEffectiveScreenSize:0]]
[2020.04.22-04.48.43:328][  0]LogConfig: Applying CVar settings from Section [EffectsQuality@3] File [C:/Users/jason/Documents/Unreal Projects/corssing/Saved/Config/Windows/Scalability.ini]
[2020.04.22-04.48.43:328][  0]LogConfig: Setting CVar [[r.TranslucencyLightingVolumeDim:64]]
[2020.04.22-04.48.43:328][  0]LogConfig: Setting CVar [[r.RefractionQuality:2]]
[2020.04.22-04.48.43:328][  0]LogConfig: Setting CVar [[r.SSR.Quality:3]]
[2020.04.22-04.48.43:328][  0]LogConfig: Setting CVar [[r.SSR.HalfResSceneColor:0]]
[2020.04.22-04.48.43:328][  0]LogConfig: Setting CVar [[r.SceneColorFormat:4]]
[2020.04.22-04.48.43:328][  0]LogConfig: Setting CVar [[r.DetailMode:2]]
[2020.04.22-04.48.43:328][  0]LogConfig: Setting CVar [[r.TranslucencyVolumeBlur:1]]
[2020.04.22-04.48.43:328][  0]LogConfig: Setting CVar [[r.MaterialQualityLevel:1 ; High quality]]
[2020.04.22-04.48.43:328][  0]LogConfig: Setting CVar [[r.SSS.Scale:1]]
[2020.04.22-04.48.43:328][  0]LogConfig: Setting CVar [[r.SSS.SampleSet:2]]
[2020.04.22-04.48.43:328][  0]LogConfig: Setting CVar [[r.SSS.Quality:1]]
[2020.04.22-04.48.43:328][  0]LogConfig: Setting CVar [[r.SSS.HalfRes:1]]
[2020.04.22-04.48.43:328][  0]LogConfig: Setting CVar [[r.SSGI.Quality:3]]
[2020.04.22-04.48.43:328][  0]LogConfig: Setting CVar [[r.EmitterSpawnRateScale:1.0]]
[2020.04.22-04.48.43:328][  0]LogConfig: Setting CVar [[r.ParticleLightQuality:2]]
[2020.04.22-04.48.43:328][  0]LogConfig: Setting CVar [[r.SkyAtmosphere.AerialPerspectiveLUT.FastApplyOnOpaque:1 ; Always have FastSkyLUT 1 in this case to avoid wrong sky]]
[2020.04.22-04.48.43:328][  0]LogConfig: Setting CVar [[r.SkyAtmosphere.AerialPerspectiveLUT.SampleCountPerSlice:1]]
[2020.04.22-04.48.43:328][  0]LogConfig: Setting CVar [[r.SkyAtmosphere.AerialPerspectiveLUT.DepthResolution:16.0]]
[2020.04.22-04.48.43:328][  0]LogConfig: Setting CVar [[r.SkyAtmosphere.FastSkyLUT:1]]
[2020.04.22-04.48.43:328][  0]LogConfig: Setting CVar [[r.SkyAtmosphere.FastSkyLUT.SampleCountMin:4.0]]
[2020.04.22-04.48.43:328][  0]LogConfig: Setting CVar [[r.SkyAtmosphere.FastSkyLUT.SampleCountMax:32.0]]
[2020.04.22-04.48.43:328][  0]LogConfig: Setting CVar [[r.SkyAtmosphere.SampleCountMin:4.0]]
[2020.04.22-04.48.43:328][  0]LogConfig: Setting CVar [[r.SkyAtmosphere.SampleCountMax:32.0]]
[2020.04.22-04.48.43:328][  0]LogConfig: Setting CVar [[r.SkyAtmosphere.TransmittanceLUT.UseSmallFormat:0]]
[2020.04.22-04.48.43:328][  0]LogConfig: Setting CVar [[r.SkyAtmosphere.TransmittanceLUT.SampleCount:10.0]]
[2020.04.22-04.48.43:328][  0]LogConfig: Setting CVar [[r.SkyAtmosphere.MultiScatteringLUT.SampleCount:15.0]]
[2020.04.22-04.48.43:328][  0]LogConfig: Applying CVar settings from Section [FoliageQuality@3] File [C:/Users/jason/Documents/Unreal Projects/corssing/Saved/Config/Windows/Scalability.ini]
[2020.04.22-04.48.43:328][  0]LogConfig: Setting CVar [[foliage.DensityScale:1.0]]
[2020.04.22-04.48.43:328][  0]LogConfig: Setting CVar [[grass.DensityScale:1.0]]
[2020.04.22-04.48.43:328][  0]LogConfig: Applying CVar settings from Section [ShadingQuality@3] File [C:/Users/jason/Documents/Unreal Projects/corssing/Saved/Config/Windows/Scalability.ini]
[2020.04.22-04.48.43:328][  0]LogConfig: Setting CVar [[r.HairStrands.SkyLighting.SampleCount:16]]
[2020.04.22-04.48.43:328][  0]LogConfig: Setting CVar [[r.HairStrands.SkyLighting.JitterIntegration:0]]
[2020.04.22-04.48.43:328][  0]LogConfig: Setting CVar [[r.HairStrands.SkyAO.SampleCount:16]]
[2020.04.22-04.48.43:328][  0]LogConfig: Applying CVar settings from Section [Startup] File [../../../Engine/Config/ConsoleVariables.ini]
[2020.04.22-04.48.43:328][  0]LogConfig: Setting CVar [[net.UseAdaptiveNetUpdateFrequency:0]]
[2020.04.22-04.48.43:328][  0]LogConfig: Setting CVar [[p.chaos.AllowCreatePhysxBodies:1]]
[2020.04.22-04.48.43:328][  0]LogConfig: Applying CVar settings from Section [ConsoleVariables] File [C:/Users/jason/Documents/Unreal Projects/corssing/Saved/Config/Windows/Engine.ini]
[2020.04.22-04.48.43:328][  0]LogInit: Computer: DESKTOP-384L49Q
[2020.04.22-04.48.43:328][  0]LogInit: User: jason
[2020.04.22-04.48.43:328][  0]LogInit: CPU Page size=4096, Cores=8
[2020.04.22-04.48.43:328][  0]LogInit: High frequency timer resolution =10.000000 MHz
[2020.04.22-04.48.43:329][  0]LogMemory: Memory total: Physical=15.9GB (16GB approx)
[2020.04.22-04.48.43:329][  0]LogMemory: Platform Memory Stats for Windows
[2020.04.22-04.48.43:329][  0]LogMemory: Process Physical Memory: 105.46 MB used, 105.46 MB peak
[2020.04.22-04.48.43:329][  0]LogMemory: Process Virtual Memory: 100.99 MB used, 100.99 MB peak
[2020.04.22-04.48.43:329][  0]LogMemory: Physical Memory: 6051.29 MB used,  10250.47 MB free, 16301.75 MB total
[2020.04.22-04.48.43:329][  0]LogMemory: Virtual Memory: 5141.68 MB used,  134212584.00 MB free, 134217728.00 MB total
[2020.04.22-04.48.43:443][  0]LogWindows: WindowsPlatformFeatures enabled
[2020.04.22-04.48.43:456][  0]LogInit: Using OS detected language (en-US).
[2020.04.22-04.48.43:456][  0]LogInit: Using OS detected locale (en-US).
[2020.04.22-04.48.43:457][  0]LogTextLocalizationManager: No specific localization for 'en-US' exists, so the 'en' localization will be used.
[2020.04.22-04.48.43:574][  0]LogInit: Setting process to per monitor DPI aware
[2020.04.22-04.48.43:594][  0]LogSlate: New Slate User Created.  User Index 0, Is Virtual User: 0
[2020.04.22-04.48.43:594][  0]LogSlate: Slate User Registered.  User Index 0, Is Virtual User: 0
[2020.04.22-04.48.43:692][  0]LogHMD: Failed to initialize OpenVR with code 110
[2020.04.22-04.48.43:692][  0]LogD3D11RHI: D3D11 min allowed feature level: 11_0
[2020.04.22-04.48.43:692][  0]LogD3D11RHI: D3D11 max allowed feature level: 11_0
[2020.04.22-04.48.43:692][  0]LogD3D11RHI: D3D11 adapters:
[2020.04.22-04.48.43:741][  0]LogD3D11RHI:    0. 'NVIDIA GeForce RTX 2060' (Feature Level 11_0)
[2020.04.22-04.48.43:741][  0]LogD3D11RHI:       5980/0/8150 MB DedicatedVideo/DedicatedSystem/SharedSystem, Outputs:1, VendorId:0x10de
[2020.04.22-04.48.43:743][  0]LogD3D11RHI:    1. 'Microsoft Basic Render Driver' (Feature Level 11_0)
[2020.04.22-04.48.43:743][  0]LogD3D11RHI:       0/0/8150 MB DedicatedVideo/DedicatedSystem/SharedSystem, Outputs:0, VendorId:0x1414
[2020.04.22-04.48.43:743][  0]LogD3D11RHI: Chosen D3D11 Adapter: 0
[2020.04.22-04.48.43:748][  0]LogD3D11RHI: Creating new Direct3DDevice
[2020.04.22-04.48.43:748][  0]LogD3D11RHI:     GPU DeviceId: 0x1f08 (for the marketing name, search the web for "GPU Device Id")
[2020.04.22-04.48.43:748][  0]LogWindows: EnumDisplayDevices:
[2020.04.22-04.48.43:748][  0]LogWindows:    0. 'NVIDIA GeForce RTX 2060' (P:1 D:1)
[2020.04.22-04.48.43:748][  0]LogWindows:    1. 'NVIDIA GeForce RTX 2060' (P:0 D:0)
[2020.04.22-04.48.43:748][  0]LogWindows:    2. 'NVIDIA GeForce RTX 2060' (P:0 D:0)
[2020.04.22-04.48.43:748][  0]LogWindows:    3. 'NVIDIA GeForce RTX 2060' (P:0 D:0)
[2020.04.22-04.48.43:749][  0]LogWindows: DebugString: FoundDriverCount:4 
[2020.04.22-04.48.43:749][  0]LogD3D11RHI:     Adapter Name: NVIDIA GeForce RTX 2060
[2020.04.22-04.48.43:749][  0]LogD3D11RHI:   Driver Version: 441.66 (internal:26.21.14.4166, unified:441.66)
[2020.04.22-04.48.43:749][  0]LogD3D11RHI:      Driver Date: 12-6-2019
[2020.04.22-04.48.43:749][  0]LogRHI: Texture pool is 4186 MB (70% of 5980 MB)
[2020.04.22-04.48.43:783][  0]LogD3D11RHI: RHI has support for 64 bit atomics
[2020.04.22-04.48.43:783][  0]LogD3D11RHI: Async texture creation enabled
[2020.04.22-04.48.43:808][  0]LogD3D11RHI: GPU Timing Frequency: 1000.000000 (Debug: 2 1)
[2020.04.22-04.48.44:058][  0]LogTargetPlatformManager: Display: Loaded TargetPlatform 'AllDesktop'
[2020.04.22-04.48.44:080][  0]LogTargetPlatformManager: Display: Loaded TargetPlatform 'Android'
[2020.04.22-04.48.44:080][  0]LogTargetPlatformManager: Display: Loaded TargetPlatform 'Android_ASTC'
[2020.04.22-04.48.44:080][  0]LogTargetPlatformManager: Display: Loaded TargetPlatform 'Android_ATC'
[2020.04.22-04.48.44:080][  0]LogTargetPlatformManager: Display: Loaded TargetPlatform 'Android_DXT'
[2020.04.22-04.48.44:080][  0]LogTargetPlatformManager: Display: Loaded TargetPlatform 'Android_ETC1'
[2020.04.22-04.48.44:080][  0]LogTargetPlatformManager: Display: Loaded TargetPlatform 'Android_ETC1a'
[2020.04.22-04.48.44:080][  0]LogTargetPlatformManager: Display: Loaded TargetPlatform 'Android_ETC2'
[2020.04.22-04.48.44:080][  0]LogTargetPlatformManager: Display: Loaded TargetPlatform 'Android_PVRTC'
[2020.04.22-04.48.44:080][  0]LogTargetPlatformManager: Display: Loaded TargetPlatform 'AndroidClient'
[2020.04.22-04.48.44:080][  0]LogTargetPlatformManager: Display: Loaded TargetPlatform 'Android_ASTCClient'
[2020.04.22-04.48.44:080][  0]LogTargetPlatformManager: Display: Loaded TargetPlatform 'Android_ATCClient'
[2020.04.22-04.48.44:080][  0]LogTargetPlatformManager: Display: Loaded TargetPlatform 'Android_DXTClient'
[2020.04.22-04.48.44:080][  0]LogTargetPlatformManager: Display: Loaded TargetPlatform 'Android_ETC1Client'
[2020.04.22-04.48.44:080][  0]LogTargetPlatformManager: Display: Loaded TargetPlatform 'Android_ETC1aClient'
[2020.04.22-04.48.44:080][  0]LogTargetPlatformManager: Display: Loaded TargetPlatform 'Android_ETC2Client'
[2020.04.22-04.48.44:080][  0]LogTargetPlatformManager: Display: Loaded TargetPlatform 'Android_PVRTCClient'
[2020.04.22-04.48.44:080][  0]LogTargetPlatformManager: Display: Loaded TargetPlatform 'Android_Multi'
[2020.04.22-04.48.44:080][  0]LogTargetPlatformManager: Display: Loaded TargetPlatform 'Android_MultiClient'
[2020.04.22-04.48.44:093][  0]LogTargetPlatformManager: Display: Loaded TargetPlatform 'IOSClient'
[2020.04.22-04.48.44:093][  0]LogTargetPlatformManager: Display: Loaded TargetPlatform 'IOS'
[2020.04.22-04.48.44:098][  0]LogTargetPlatformManager: Display: Loaded TargetPlatform 'LinuxNoEditor'
[2020.04.22-04.48.44:103][  0]LogTargetPlatformManager: Display: Loaded TargetPlatform 'LinuxClient'
[2020.04.22-04.48.44:108][  0]LogTargetPlatformManager: Display: Loaded TargetPlatform 'LinuxServer'
[2020.04.22-04.48.44:113][  0]LogTargetPlatformManager: Display: Loaded TargetPlatform 'LinuxAArch64NoEditor'
[2020.04.22-04.48.44:118][  0]LogTargetPlatformManager: Display: Loaded TargetPlatform 'LinuxAArch64Client'
[2020.04.22-04.48.44:123][  0]LogTargetPlatformManager: Display: Loaded TargetPlatform 'LinuxAArch64Server'
[2020.04.22-04.48.44:141][  0]LogTargetPlatformManager: Display: Loaded TargetPlatform 'Lumin'
[2020.04.22-04.48.44:141][  0]LogTargetPlatformManager: Display: Loaded TargetPlatform 'LuminClient'
[2020.04.22-04.48.44:152][  0]LogTargetPlatformManager: Display: Loaded TargetPlatform 'TVOSClient'
[2020.04.22-04.48.44:152][  0]LogTargetPlatformManager: Display: Loaded TargetPlatform 'TVOS'
[2020.04.22-04.48.44:158][  0]LogTargetPlatformManager: Display: Loaded TargetPlatform 'WindowsNoEditor'
[2020.04.22-04.48.44:163][  0]LogTargetPlatformManager: Display: Loaded TargetPlatform 'Windows'
[2020.04.22-04.48.44:168][  0]LogTargetPlatformManager: Display: Loaded TargetPlatform 'WindowsClient'
[2020.04.22-04.48.44:174][  0]LogTargetPlatformManager: Display: Loaded TargetPlatform 'WindowsServer'
[2020.04.22-04.48.44:174][  0]LogTargetPlatformManager: Display: Building Assets For Windows
[2020.04.22-04.48.44:176][  0]LogAudioDebug: Display: Lib vorbis DLL was dynamically loaded.
[2020.04.22-04.48.44:193][  0]LogShaderCompilers: Guid format shader working directory is -18 characters bigger than the processId version (../../../../../../Users/jason/Documents/Unreal Projects/corssing/Intermediate/Shaders/WorkingDirectory/7292/).
[2020.04.22-04.48.44:194][  0]LogShaderCompilers: Cleaned the shader compiler working directory 'C:/Users/jason/AppData/Local/Temp/UnrealShaderWorkingDir/437C28B4431D9828EFA4829DDAC9FF38/'.
[2020.04.22-04.48.44:194][  0]LogXGEController: Cannot use XGE Controller as Incredibuild is not installed on this machine.
[2020.04.22-04.48.44:194][  0]LogShaderCompilers: Cannot use XGE Shader Compiler as Incredibuild is not installed on this machine.
[2020.04.22-04.48.44:194][  0]LogShaderCompilers: Display: Using Local Shader Compiler.
[2020.04.22-04.48.44:720][  0]LogDerivedDataCache: Display: Max Cache Size: 512 MB
[2020.04.22-04.48.44:770][  0]LogDerivedDataCache: Loaded boot cache 0.05s 78MB C:/Users/jason/AppData/Local/UnrealEngine/4.24/DerivedDataCache/Boot.ddc.
[2020.04.22-04.48.44:771][  0]LogDerivedDataCache: Display: Loaded Boot cache: C:/Users/jason/AppData/Local/UnrealEngine/4.24/DerivedDataCache/Boot.ddc
[2020.04.22-04.48.44:771][  0]LogDerivedDataCache: FDerivedDataBackendGraph:  Pak pak cache file ../../../../../../Users/jason/Documents/Unreal Projects/corssing/DerivedDataCache/DDC.ddp not found, will not use a pak cache.
[2020.04.22-04.48.44:771][  0]LogDerivedDataCache: Unable to find inner node Pak for hierarchical cache Hierarchy.
[2020.04.22-04.48.44:771][  0]LogDerivedDataCache: FDerivedDataBackendGraph:  CompressedPak pak cache file ../../../../../../Users/jason/Documents/Unreal Projects/corssing/DerivedDataCache/Compressed.ddp not found, will not use a pak cache.
[2020.04.22-04.48.44:771][  0]LogDerivedDataCache: Unable to find inner node CompressedPak for hierarchical cache Hierarchy.
[2020.04.22-04.48.44:778][  0]LogDerivedDataCache: Display: Pak cache opened for reading ../../../Engine/DerivedDataCache/Compressed.ddp.
[2020.04.22-04.48.44:778][  0]LogDerivedDataCache: FDerivedDataBackendGraph:  EnterprisePak pak cache file ../../../Enterprise/DerivedDataCache/Compressed.ddp not found, will not use a pak cache.
[2020.04.22-04.48.44:778][  0]LogDerivedDataCache: Unable to find inner node EnterprisePak for hierarchical cache Hierarchy.
[2020.04.22-04.48.44:779][  0]LogDerivedDataCache: Using Local data cache path C:/Users/jason/AppData/Local/UnrealEngine/Common/DerivedDataCache: Writable
[2020.04.22-04.48.44:779][  0]LogDerivedDataCache: Shared data cache path not found in *engine.ini, will not use an Shared cache.
[2020.04.22-04.48.44:780][  0]LogDerivedDataCache: Unable to find inner node Shared for hierarchical cache Hierarchy.
[2020.04.22-04.48.44:797][  0]LogMaterial: Verifying Global Shaders for PCD3D_SM5
[2020.04.22-04.48.44:799][  0]LogSlate: Using FreeType 2.10.0
[2020.04.22-04.48.44:799][  0]LogSlate: SlateFontServices - WITH_FREETYPE: 1, WITH_HARFBUZZ: 1
[2020.04.22-04.48.44:837][  0]LogAssetRegistry: FAssetRegistry took 0.0018 seconds to start up
[2020.04.22-04.48.45:038][  0]LogInit: Selected Device Profile: [Windows]
[2020.04.22-04.48.45:149][  0]LogMeshReduction: Using QuadricMeshReduction for automatic static mesh reduction
[2020.04.22-04.48.45:149][  0]LogMeshReduction: Using SimplygonMeshReduction for automatic skeletal mesh reduction
[2020.04.22-04.48.45:149][  0]LogMeshReduction: Using ProxyLODMeshReduction for automatic mesh merging
[2020.04.22-04.48.45:149][  0]LogMeshReduction: No distributed automatic mesh merging module available
[2020.04.22-04.48.45:149][  0]LogMeshMerging: No distributed automatic mesh merging module available
[2020.04.22-04.48.45:158][  0]LogNetVersion: corssing 1.0.0, NetCL: 10570792, EngineNetVer: 13, GameNetVer: 0 (Checksum: 2370625575)
[2020.04.22-04.48.45:928][  0]LogPackageLocalizationCache: Processed 11 localized package path(s) for 1 prioritized culture(s) in 0.049914 seconds
[2020.04.22-04.48.45:933][  0]LogUObjectArray: 46750 objects as part of root set at end of initial load.
[2020.04.22-04.48.45:933][  0]LogUObjectAllocator: 8137160 out of 0 bytes used by permanent object pool.
[2020.04.22-04.48.45:933][  0]LogUObjectArray: CloseDisregardForGC: 0/0 objects in disregard for GC pool
[2020.04.22-04.48.46:270][  0]LogTcpMessaging: Initializing TcpMessaging bridge
[2020.04.22-04.48.46:272][  0]LogUdpMessaging: Initializing bridge on interface 0.0.0.0:0 to multicast group 230.0.0.1:6666.
[2020.04.22-04.48.46:405][  0]SourceControl: Source control is disabled
[2020.04.22-04.48.46:405][  0]SourceControl: Source control is disabled
[2020.04.22-04.48.46:406][  0]SourceControl: Source control is disabled
[2020.04.22-04.48.46:407][  0]SourceControl: Source control is disabled
[2020.04.22-04.48.46:407][  0]SourceControl: Source control is disabled
[2020.04.22-04.48.46:467][  0]LogAndroidPermission: UAndroidPermissionCallbackProxy::GetInstance
[2020.04.22-04.48.46:475][  0]LogAudioCaptureCore: Display: No Audio Capture implementations found. Audio input will be silent.
[2020.04.22-04.48.46:475][  0]LogAudioCaptureCore: Display: No Audio Capture implementations found. Audio input will be silent.
[2020.04.22-04.48.46:536][  0]LogOcInput: OculusInput pre-init called
[2020.04.22-04.48.46:542][  0]LogWindows: Failed to load 'OVRPlugin.dll' (GetLastError=126)
[2020.04.22-04.48.46:542][  0]LogWindows: File 'OVRPlugin.dll' does not exist
[2020.04.22-04.48.46:590][  0]LogEngine: Initializing Engine...
[2020.04.22-04.48.46:590][  0]LogHMD: Failed to initialize OpenVR with code 110
[2020.04.22-04.48.46:591][  0]LogStats: UGameplayTagsManager::InitializeManager -  0.000 s
[2020.04.22-04.48.46:838][  0]LogInit: Initializing FReadOnlyCVARCache
[2020.04.22-04.48.46:844][  0]LogAIModule: Creating AISystem for world Untitled
[2020.04.22-04.48.46:855][  0]LogAudioMixer: Display: Audio Mixer Platform Settings:
[2020.04.22-04.48.46:855][  0]LogAudioMixer: Display: 	Sample Rate:						  48000
[2020.04.22-04.48.46:855][  0]LogAudioMixer: Display: 	Callback Buffer Frame Size Requested: 1024
[2020.04.22-04.48.46:855][  0]LogAudioMixer: Display: 	Callback Buffer Frame Size To Use:	  1024
[2020.04.22-04.48.46:855][  0]LogAudioMixer: Display: 	Number of buffers to queue:			  2
[2020.04.22-04.48.46:855][  0]LogAudioMixer: Display: 	Max Channels (voices):				  32
[2020.04.22-04.48.46:855][  0]LogAudioMixer: Display: 	Number of Async Source Workers:		  0
[2020.04.22-04.48.46:855][  0]LogAudio: Display: AudioDevice MaxSources: 32
[2020.04.22-04.48.46:855][  0]LogAudio: Display: Using built-in audio occlusion.
[2020.04.22-04.48.46:855][  0]LogAudioMixer: Display: Initializing audio mixer.
[2020.04.22-04.48.46:900][  0]LogAudioMixer: Display: Audio Device Output Speaker Info:
[2020.04.22-04.48.46:900][  0]LogAudioMixer: Display: Name: Sceptre L24 (2- NVIDIA High Definition Audio)
[2020.04.22-04.48.46:900][  0]LogAudioMixer: Display: Is Default: Yes
[2020.04.22-04.48.46:900][  0]LogAudioMixer: Display: Sample Rate: 48000
[2020.04.22-04.48.46:900][  0]LogAudioMixer: Display: Channel Count Used: 2
[2020.04.22-04.48.46:900][  0]LogAudioMixer: Display: Device Channel Count: 2
[2020.04.22-04.48.46:900][  0]LogAudioMixer: Display: Channel Order:
[2020.04.22-04.48.46:900][  0]LogAudioMixer: Display: 0: FrontLeft
[2020.04.22-04.48.46:900][  0]LogAudioMixer: Display: 1: FrontRight
[2020.04.22-04.48.46:912][  0]LogAudioMixer: Display: Using Audio Device Sceptre L24 (2- NVIDIA High Definition Audio)
[2020.04.22-04.48.46:920][  0]LogInit: FAudioDevice initialized.
[2020.04.22-04.48.46:920][  0]LogNetVersion: Set ProjectVersion to 1.0.0.0. Version Checksum will be recalculated on next use.
[2020.04.22-04.48.46:962][  0]LogDerivedDataCache: Saved boot cache 0.04s 78MB C:/Users/jason/AppData/Local/UnrealEngine/4.24/DerivedDataCache/Boot.ddc.
[2020.04.22-04.48.46:965][  0]LogInit: Texture streaming: Enabled
[2020.04.22-04.48.46:973][  0]LogEngineSessionManager: EngineSessionManager initialized
[2020.04.22-04.48.46:973][  0]LogEditorSessionSummary: Verbose: Initializing EditorSessionSummaryWriter for editor session tracking
[2020.04.22-04.48.46:976][  0]LogEditorSessionSummary: EditorSessionSummaryWriter initialized
[2020.04.22-04.48.47:028][  0]LogInit: Transaction tracking system initialized
[2020.04.22-04.48.47:035][  0]BlueprintLog: New page: Editor Load
[2020.04.22-04.48.47:056][  0]LocalizationService: Localization service is disabled
[2020.04.22-04.48.47:247][  0]LogFileCache: Scanning file cache for directory 'C:/Users/jason/Documents/Unreal Projects/corssing/Content/' took 0.00s
[2020.04.22-04.48.47:247][  0]LogCook: Display: Max memory allowance for cook 16384mb min free memory 0mb
[2020.04.22-04.48.47:247][  0]LogCook: Display: Mobile HDR setting 1
[2020.04.22-04.48.47:746][  0]SourceControl: Source control is disabled
[2020.04.22-04.48.47:746][  0]Cmd: MAP LOAD FILE="../../../Engine/Content/Maps/Templates/Template_Default.umap" TEMPLATE=1 SHOWPROGRESS=1 FEATURELEVEL=3
[2020.04.22-04.48.47:746][  0]LightingResults: New page: Lighting Build
[2020.04.22-04.48.47:746][  0]LogWorld: UWorld::CleanupWorld for Untitled, bSessionEnded=true, bCleanupResources=true
[2020.04.22-04.48.47:746][  0]LogSlate: InvalidateAllWidgets triggered.  All widgets were invalidated
[2020.04.22-04.48.47:746][  0]MapCheck: New page: Map Check
[2020.04.22-04.48.47:747][  0]LightingResults: New page: Lighting Build
[2020.04.22-04.48.47:769][  0]LogUObjectHash: Compacting FUObjectHashTables data took   1.28ms
[2020.04.22-04.48.47:824][  0]LogAIModule: Creating AISystem for world Untitled_1
[2020.04.22-04.48.47:826][  0]LogEditorServer: Finished looking for orphan Actors (0.000 secs)
[2020.04.22-04.48.47:850][  0]LogUObjectHash: Compacting FUObjectHashTables data took   1.45ms
[2020.04.22-04.48.47:851][  0]Cmd: MAP CHECKDEP NOCLEARLOG
[2020.04.22-04.48.47:851][  0]MapCheck: Map check complete: 0 Error(s), 0 Warning(s), took 0.138ms to complete.
[2020.04.22-04.48.47:851][  0]LogFileHelpers: Loading map 'Template_Default' took 0.105
[2020.04.22-04.48.47:981][  0]LogSlate: Updating window title bar state: overlay mode, drag disabled, window buttons hidden, title bar hidden
[2020.04.22-04.48.47:986][  0]LogSlate: Updating window title bar state: overlay mode, drag disabled, window buttons hidden, title bar hidden
[2020.04.22-04.48.47:990][  0]LogSlate: Updating window title bar state: overlay mode, drag disabled, window buttons hidden, title bar hidden
[2020.04.22-04.48.47:994][  0]LogSlate: Updating window title bar state: overlay mode, drag disabled, window buttons hidden, title bar hidden
[2020.04.22-04.48.48:002][  0]LogCollectionManager: Loaded 0 collections in 0.001123 seconds
[2020.04.22-04.48.48:011][  0]LogFileCache: Scanning file cache for directory 'C:/Users/jason/Documents/Unreal Projects/corssing/Saved/Collections/' took 0.00s
[2020.04.22-04.48.48:011][  0]LogFileCache: Scanning file cache for directory 'C:/Users/jason/Documents/Unreal Projects/corssing/Content/Developers/jason/Collections/' took 0.00s
[2020.04.22-04.48.48:011][  0]LogFileCache: Scanning file cache for directory 'C:/Users/jason/Documents/Unreal Projects/corssing/Content/Collections/' took 0.00s
[2020.04.22-04.48.48:011][  0]LogContentBrowser: Native class hierarchy populated in 0.0058 seconds. Added 3025 classes and 735 folders.
[2020.04.22-04.48.48:014][  0]LogContentBrowser: Native class hierarchy updated for 'WidgetCarousel' in 0.0002 seconds. Added 0 classes and 0 folders.
[2020.04.22-04.48.48:249][  0]LogContentBrowser: Native class hierarchy updated for 'AddContentDialog' in 0.0002 seconds. Added 0 classes and 0 folders.
[2020.04.22-04.48.48:267][  0]LogContentBrowser: Native class hierarchy updated for 'SceneOutliner' in 0.0002 seconds. Added 2 classes and 3 folders.
[2020.04.22-04.48.49:177][  0]LogContentBrowser: Native class hierarchy updated for 'HierarchicalLODOutliner' in 0.0003 seconds. Added 0 classes and 0 folders.
[2020.04.22-04.48.49:177][  0]LogLoad: (Engine Initialization) Total time: 7.00 seconds
[2020.04.22-04.48.49:177][  0]LogLoad: (Engine Initialization) Total Blueprint compile time: 0.00 seconds
[2020.04.22-04.48.49:284][  0]LogRenderer: Reallocating scene render targets to support 64x64 Format 10 NumSamples 1 (Frame:1).
[2020.04.22-04.48.49:284][  0]LogContentStreaming: Texture pool size now 1000 MB
[2020.04.22-04.48.49:285][  0]LogSlate: Took 0.000178 seconds to synchronously load lazily loaded font '../../../Engine/Content/Slate/Fonts/Roboto-Regular.ttf' (155K)
[2020.04.22-04.48.49:286][  0]LogSlate: Took 0.000108 seconds to synchronously load lazily loaded font '../../../Engine/Content/Slate/Fonts/Roboto-Bold.ttf' (160K)
[2020.04.22-04.48.49:293][  0]LogSlate: Took 0.004738 seconds to synchronously load lazily loaded font '../../../Engine/Content/Editor/Slate/Fonts/FontAwesome.ttf' (139K)
[2020.04.22-04.48.49:388][  0]LogRenderer: Reallocating scene render targets to support 920x504 Format 10 NumSamples 1 (Frame:1).
[2020.04.22-04.48.49:388][  0]LogSlate: Took 0.005794 seconds to synchronously load lazily loaded font '../../../Engine/Content/Slate/Fonts/Roboto-Light.ttf' (167K)
[2020.04.22-04.48.49:468][  1]LogAssetRegistry: Asset discovery search completed in 4.6306 seconds
[2020.04.22-04.48.49:470][  1]LogCollectionManager: Fixed up redirectors for 0 collections in 0.000005 seconds (updated 0 objects)
[2020.04.22-04.49.09:513][902]LogSlate: Window 'Project Settings' being destroyed
[2020.04.22-04.49.09:517][902]LogSlate: Window 'Project Settings' being destroyed
[2020.04.22-05.52.49:711][518]LogHttp: Warning: 000001B9E688CB80: invalid HTTP response code received. URL: https://datarouter.ol.epicgames.com/datarouter/api/v1/public/data?SessionID=%7B1976372C-4F97-B935-8606-1396DB10C5A8%7D&AppID=UEEditor.Rocket.Release&AppVersion=4.24.3-11590370%2B%2B%2BUE4%2BRelease-4.24&UserID=6392c73f4063c7aa357911a2754b6d8b%7Ca7614f07e1be4fdaaa7fec8f88efafe1%7Cbbafa4a1-6526-4b73-b5b4-e31b9a675d45&AppEnvironment=datacollector-binary&UploadType=eteventstream, HTTP code: 0, content length: 0, actual payload size: 0
[2020.04.22-05.52.49:711][518]LogHttp: Warning: 000001B9E688CB80: request failed, libcurl error: 6 (Couldn't resolve host name)
[2020.04.22-05.52.49:711][518]LogHttp: Warning: 000001B9E688CB80: libcurl info message cache 0 (Connection 28 seems to be dead!)
[2020.04.22-05.52.49:711][518]LogHttp: Warning: 000001B9E688CB80: libcurl info message cache 1 (Closing connection 28)
[2020.04.22-05.52.49:711][518]LogHttp: Warning: 000001B9E688CB80: libcurl info message cache 2 (TLSv1.2 (OUT), TLS alert, Client hello (1):)
[2020.04.22-05.52.49:711][518]LogHttp: Warning: 000001B9E688CB80: libcurl info message cache 3 (Could not resolve host: datarouter.ol.epicgames.com)
[2020.04.22-05.52.49:711][518]LogHttp: Warning: 000001B9E688CB80: libcurl info message cache 4 (Closing connection 29)
[2020.04.22-05.52.49:711][518]LogHttp: Warning: Retry exhausted on https://datarouter.ol.epicgames.com/datarouter/api/v1/public/data?SessionID=%7B1976372C-4F97-B935-8606-1396DB10C5A8%7D&AppID=UEEditor.Rocket.Release&AppVersion=4.24.3-11590370%2B%2B%2BUE4%2BRelease-4.24&UserID=6392c73f4063c7aa357911a2754b6d8b%7Ca7614f07e1be4fdaaa7fec8f88efafe1%7Cbbafa4a1-6526-4b73-b5b4-e31b9a675d45&AppEnvironment=datacollector-binary&UploadType=eteventstream
[2020.04.22-06.11.40:085][ 22]LogUObjectHash: Compacting FUObjectHashTables data took   0.62ms
[2020.04.22-06.11.40:141][ 22]LogSlate: Window 'corssing - Unreal Editor' being destroyed
[2020.04.22-06.11.40:228][ 23]Cmd: QUIT_EDITOR
[2020.04.22-06.11.40:228][ 23]LogCore: Engine exit requested (reason: UUnrealEdEngine::CloseEditor())
[2020.04.22-06.11.40:236][ 23]LogCore: Engine exit requested (reason: EngineExit() was called; note: exit was already requested)
[2020.04.22-06.11.40:237][ 23]LogAudioMixer: Display: No commands were queued while flushing the source manager.
[2020.04.22-06.11.40:244][ 23]LogWindowsTextInputMethodSystem: Display: IME system now activated using TSF (Microsoft Pinyin).
[2020.04.22-06.11.40:255][ 23]LogExit: Preparing to exit.
[2020.04.22-06.11.41:702][ 23]LogWorld: UWorld::CleanupWorld for World_0, bSessionEnded=true, bCleanupResources=true
[2020.04.22-06.11.41:706][ 23]LogDemo: Cleaned up 0 splitscreen connections with owner deletion
[2020.04.22-06.11.41:722][ 23]LogWorld: UWorld::CleanupWorld for None, bSessionEnded=true, bCleanupResources=true
[2020.04.22-06.11.41:722][ 23]LogExit: Editor shut down
[2020.04.22-06.11.41:723][ 23]LogExit: Transaction tracking system shut down
[2020.04.22-06.11.41:949][ 23]LogExit: Object subsystem successfully closed.
[2020.04.22-06.11.41:975][ 23]LogShaderCompilers: Display: Shaders left to compile 0
[2020.04.22-06.11.41:997][ 23]LogModuleManager: Shutting down and abandoning module HierarchicalLODOutliner (716)
[2020.04.22-06.11.41:997][ 23]LogModuleManager: Shutting down and abandoning module ExternalImagePicker (714)
[2020.04.22-06.11.41:997][ 23]LogModuleManager: Shutting down and abandoning module SceneOutliner (712)
[2020.04.22-06.11.41:997][ 23]LogModuleManager: Shutting down and abandoning module AddContentDialog (710)
[2020.04.22-06.11.41:997][ 23]LogModuleManager: Shutting down and abandoning module WidgetCarousel (709)
[2020.04.22-06.11.41:997][ 23]LogModuleManager: Shutting down and abandoning module EditorWidgets (706)
[2020.04.22-06.11.41:997][ 23]LogModuleManager: Shutting down and abandoning module CollectionManager (704)
[2020.04.22-06.11.41:998][ 23]LogModuleManager: Shutting down and abandoning module HierarchicalLODUtilities (702)
[2020.04.22-06.11.41:998][ 23]LogModuleManager: Shutting down and abandoning module StatsViewer (700)
[2020.04.22-06.11.41:998][ 23]LogModuleManager: Shutting down and abandoning module VirtualTexturingEditor (698)
[2020.04.22-06.11.41:998][ 23]LogModuleManager: Shutting down and abandoning module FoliageEdit (696)
[2020.04.22-06.11.41:998][ 23]LogModuleManager: Shutting down and abandoning module LandscapeEditor (694)
[2020.04.22-06.11.41:998][ 23]LogModuleManager: Shutting down and abandoning module MeshPaintMode (692)
[2020.04.22-06.11.41:998][ 23]LogModuleManager: Shutting down and abandoning module SceneDepthPickerMode (690)
[2020.04.22-06.11.41:998][ 23]LogModuleManager: Shutting down and abandoning module ActorPickerMode (688)
[2020.04.22-06.11.41:998][ 23]LogModuleManager: Shutting down and abandoning module GeometryMode (686)
[2020.04.22-06.11.41:998][ 23]LogModuleManager: Shutting down and abandoning module TextureAlignMode (684)
[2020.04.22-06.11.41:998][ 23]LogModuleManager: Shutting down and abandoning module BspMode (682)
[2020.04.22-06.11.41:998][ 23]LogModuleManager: Shutting down and abandoning module PIEPreviewDeviceProfileSelector (680)
[2020.04.22-06.11.41:998][ 23]LogModuleManager: Shutting down and abandoning module SequenceRecorderSections (678)
[2020.04.22-06.11.41:998][ 23]LogModuleManager: Shutting down and abandoning module AutomationWorker (676)
[2020.04.22-06.11.41:998][ 23]LogModuleManager: Shutting down and abandoning module SteamVREditor (674)
[2020.04.22-06.11.41:998][ 23]LogModuleManager: Shutting down and abandoning module OculusMR (672)
[2020.04.22-06.11.41:998][ 23]LogModuleManager: Shutting down and abandoning module AudioCaptureEditor (670)
[2020.04.22-06.11.41:998][ 23]LogModuleManager: Shutting down and abandoning module MatineeToLevelSequence (668)
[2020.04.22-06.11.41:998][ 23]LogModuleManager: Shutting down and abandoning module LevelSequenceEditor (666)
[2020.04.22-06.11.41:998][ 23]LogModuleManager: Shutting down and abandoning module PlacementMode (665)
[2020.04.22-06.11.41:998][ 23]LogModuleManager: Shutting down and abandoning module MaterialEditor (664)
[2020.04.22-06.11.41:998][ 23]LogModuleManager: Shutting down and abandoning module ActorSequenceEditor (660)
[2020.04.22-06.11.41:998][ 23]LogModuleManager: Shutting down and abandoning module WmfMediaFactory (658)
[2020.04.22-06.11.41:998][ 23]LogModuleManager: Shutting down and abandoning module WmfMediaEditor (656)
[2020.04.22-06.11.41:998][ 23]LogModuleManager: Shutting down and abandoning module WebMMediaFactory (654)
[2020.04.22-06.11.41:998][ 23]LogModuleManager: Shutting down and abandoning module WebMMediaEditor (652)
[2020.04.22-06.11.41:998][ 23]LogModuleManager: Shutting down and abandoning module WebMMedia (650)
[2020.04.22-06.11.41:998][ 23]LogModuleManager: Shutting down and abandoning module MediaPlayerEditor (648)
[2020.04.22-06.11.41:998][ 23]LogModuleManager: Shutting down and abandoning module MediaCompositingEditor (646)
[2020.04.22-06.11.41:998][ 23]LogModuleManager: Shutting down and abandoning module SequenceRecorder (645)
[2020.04.22-06.11.41:998][ 23]LogModuleManager: Shutting down and abandoning module OpenExrWrapper (642)
[2020.04.22-06.11.41:998][ 23]LogModuleManager: Shutting down and abandoning module ImgMediaFactory (640)
[2020.04.22-06.11.41:998][ 23]LogModuleManager: Shutting down and abandoning module ImgMediaEditor (638)
[2020.04.22-06.11.41:998][ 23]LogModuleManager: Shutting down and abandoning module AvfMediaFactory (636)
[2020.04.22-06.11.41:998][ 23]LogModuleManager: Shutting down and abandoning module AvfMediaEditor (634)
[2020.04.22-06.11.41:998][ 23]LogModuleManager: Shutting down and abandoning module AndroidMediaFactory (632)
[2020.04.22-06.11.41:998][ 23]LogModuleManager: Shutting down and abandoning module AndroidMediaEditor (630)
[2020.04.22-06.11.41:998][ 23]LogModuleManager: Shutting down and abandoning module MagicLeapMediaCodecFactory (628)
[2020.04.22-06.11.41:998][ 23]LogModuleManager: Shutting down and abandoning module MagicLeapMediaFactory (626)
[2020.04.22-06.11.41:998][ 23]LogModuleManager: Shutting down and abandoning module MagicLeapMediaEditor (624)
[2020.04.22-06.11.41:998][ 23]LogModuleManager: Shutting down and abandoning module CharacterAI (622)
[2020.04.22-06.11.41:998][ 23]LogModuleManager: Shutting down and abandoning module SmartSnapping (620)
[2020.04.22-06.11.41:998][ 23]LogModuleManager: Shutting down and abandoning module SessionServices (618)
[2020.04.22-06.11.41:998][ 23]LogModuleManager: Shutting down and abandoning module MeshPaint (616)
[2020.04.22-06.11.41:998][ 23]LogModuleManager: Shutting down and abandoning module ViewportSnapping (614)
[2020.04.22-06.11.41:998][ 23]LogModuleManager: Shutting down and abandoning module ViewportInteraction (612)
[2020.04.22-06.11.41:998][ 23]LogModuleManager: Shutting down and abandoning module ClothPainter (610)
[2020.04.22-06.11.41:998][ 23]LogModuleManager: Shutting down and abandoning module SkeletalMeshEditor (609)
[2020.04.22-06.11.41:998][ 23]LogModuleManager: Shutting down and abandoning module LogVisualizer (606)
[2020.04.22-06.11.41:999][ 23]LogModuleManager: Shutting down and abandoning module IntroTutorials (604)
[2020.04.22-06.11.41:999][ 23]LogModuleManager: Shutting down and abandoning module GameProjectGeneration (603)
[2020.04.22-06.11.41:999][ 23]LogModuleManager: Shutting down and abandoning module LuminPlatformEditor (600)
[2020.04.22-06.11.41:999][ 23]LogModuleManager: Shutting down and abandoning module IOSPlatformEditor (598)
[2020.04.22-06.11.41:999][ 23]LogModuleManager: Shutting down and abandoning module AndroidPlatformEditor (596)
[2020.04.22-06.11.41:999][ 23]LogModuleManager: Shutting down and abandoning module AndroidDeviceDetection (595)
[2020.04.22-06.11.42:770][ 23]LogModuleManager: Shutting down and abandoning module WindowsPlatformEditor (592)
[2020.04.22-06.11.42:771][ 23]LogModuleManager: Shutting down and abandoning module LuminRuntimeSettings (590)
[2020.04.22-06.11.42:771][ 23]LogModuleManager: Shutting down and abandoning module IOSRuntimeSettings (588)
[2020.04.22-06.11.42:771][ 23]LogModuleManager: Shutting down and abandoning module AndroidRuntimeSettings (586)
[2020.04.22-06.11.42:771][ 23]LogModuleManager: Shutting down and abandoning module EditorInteractiveToolsFramework (584)
[2020.04.22-06.11.42:771][ 23]LogModuleManager: Shutting down and abandoning module TimeManagementEditor (582)
[2020.04.22-06.11.42:771][ 23]LogModuleManager: Shutting down and abandoning module InputBindingEditor (580)
[2020.04.22-06.11.42:771][ 23]LogModuleManager: Shutting down and abandoning module MergeActors (578)
[2020.04.22-06.11.42:771][ 23]LogModuleManager: Shutting down and abandoning module LocalizationDashboard (576)
[2020.04.22-06.11.42:771][ 23]LogModuleManager: Shutting down and abandoning module LocalizationService (575)
[2020.04.22-06.11.42:771][ 23]LogModuleManager: Shutting down and abandoning module HardwareTargeting (572)
[2020.04.22-06.11.42:771][ 23]LogModuleManager: Shutting down and abandoning module DeviceProfileEditor (570)
[2020.04.22-06.11.42:771][ 23]LogModuleManager: Shutting down and abandoning module UndoHistory (568)
[2020.04.22-06.11.42:771][ 23]LogModuleManager: Shutting down and abandoning module XmlParser (566)
[2020.04.22-06.11.42:771][ 23]LogModuleManager: Shutting down and abandoning module Blutility (564)
[2020.04.22-06.11.42:771][ 23]LogModuleManager: Shutting down and abandoning module ProjectSettingsViewer (562)
[2020.04.22-06.11.42:771][ 23]LogModuleManager: Shutting down and abandoning module ProjectTargetPlatformEditor (561)
[2020.04.22-06.11.42:771][ 23]LogModuleManager: Shutting down and abandoning module EditorSettingsViewer (558)
[2020.04.22-06.11.42:771][ 23]LogModuleManager: Shutting down and abandoning module SettingsEditor (556)
[2020.04.22-06.11.42:771][ 23]LogModuleManager: Shutting down and abandoning module ProjectLauncher (554)
[2020.04.22-06.11.42:771][ 23]LogModuleManager: Shutting down and abandoning module SessionFrontend (552)
[2020.04.22-06.11.42:771][ 23]LogModuleManager: Shutting down and abandoning module ProfilerClient (550)
[2020.04.22-06.11.42:771][ 23]LogModuleManager: Shutting down and abandoning module DeviceManager (548)
[2020.04.22-06.11.42:771][ 23]LogModuleManager: Shutting down and abandoning module TargetDeviceServices (547)
[2020.04.22-06.11.42:806][ 23]LogModuleManager: Shutting down and abandoning module AutomationController (544)
[2020.04.22-06.11.42:806][ 23]LogModuleManager: Shutting down and abandoning module AutomationWindow (542)
[2020.04.22-06.11.42:806][ 23]LogModuleManager: Shutting down and abandoning module Layers (540)
[2020.04.22-06.11.42:806][ 23]LogModuleManager: Shutting down and abandoning module ComponentVisualizers (538)
[2020.04.22-06.11.42:806][ 23]LogModuleManager: Shutting down and abandoning module DetailCustomizations (536)
[2020.04.22-06.11.42:806][ 23]LogModuleManager: Shutting down and abandoning module PackagesDialog (534)
[2020.04.22-06.11.42:806][ 23]LogModuleManager: Shutting down and abandoning module AnimationBlueprintEditor (532)
[2020.04.22-06.11.42:806][ 23]LogModuleManager: Shutting down and abandoning module Persona (530)
[2020.04.22-06.11.42:806][ 23]LogModuleManager: Shutting down and abandoning module AdvancedPreviewScene (529)
[2020.04.22-06.11.42:806][ 23]LogModuleManager: Shutting down and abandoning module AnimGraph (527)
[2020.04.22-06.11.42:806][ 23]LogModuleManager: Shutting down and abandoning module Kismet (524)
[2020.04.22-06.11.42:806][ 23]LogModuleManager: Shutting down and abandoning module KismetWidgets (523)
[2020.04.22-06.11.42:806][ 23]LogModuleManager: Shutting down and abandoning module GraphEditor (520)
[2020.04.22-06.11.42:806][ 23]LogModuleManager: Shutting down and abandoning module StructViewer (518)
[2020.04.22-06.11.42:806][ 23]LogModuleManager: Shutting down and abandoning module ClassViewer (516)
[2020.04.22-06.11.42:806][ 23]LogModuleManager: Shutting down and abandoning module Toolbox (514)
[2020.04.22-06.11.42:806][ 23]LogModuleManager: Shutting down and abandoning module ModuleUI (512)
[2020.04.22-06.11.42:806][ 23]LogModuleManager: Shutting down and abandoning module OutputLog (510)
[2020.04.22-06.11.42:807][ 23]LogModuleManager: Shutting down and abandoning module GammaUI (508)
[2020.04.22-06.11.42:807][ 23]LogModuleManager: Shutting down and abandoning module Documentation (506)
[2020.04.22-06.11.42:807][ 23]LogModuleManager: Shutting down and abandoning module ToolMenus (504)
[2020.04.22-06.11.42:807][ 23]LogModuleManager: Shutting down and abandoning module LiveCoding (502)
[2020.04.22-06.11.42:807][ 23]LogModuleManager: Shutting down and abandoning module LevelSequence (500)
[2020.04.22-06.11.42:807][ 23]LogModuleManager: Shutting down and abandoning module MovieSceneTracks (498)
[2020.04.22-06.11.42:807][ 23]LogModuleManager: Shutting down and abandoning module MovieScene (496)
[2020.04.22-06.11.42:807][ 23]LogModuleManager: Shutting down and abandoning module StreamingPauseRendering (494)
[2020.04.22-06.11.42:807][ 23]LogModuleManager: Shutting down and abandoning module LauncherPlatform (492)
[2020.04.22-06.11.42:807][ 23]LogModuleManager: Shutting down and abandoning module AnalyticsET (490)
[2020.04.22-06.11.42:807][ 23]LogModuleManager: Shutting down and abandoning module PortalServices (488)
[2020.04.22-06.11.42:807][ 23]LogModuleManager: Shutting down and abandoning module PortalRpc (486)
[2020.04.22-06.11.42:807][ 23]LogModuleManager: Shutting down and abandoning module MessagingRpc (484)
[2020.04.22-06.11.42:807][ 23]LogModuleManager: Shutting down and abandoning module AudioMixerXAudio2 (482)
[2020.04.22-06.11.42:807][ 23]LogModuleManager: Shutting down and abandoning module AIModule (480)
[2020.04.22-06.11.42:807][ 23]LogModuleManager: Shutting down and abandoning module GameplayDebugger (479)
[2020.04.22-06.11.42:807][ 23]LogModuleManager: Shutting down and abandoning module AITestSuite (477)
[2020.04.22-06.11.42:807][ 23]LogModuleManager: Shutting down and abandoning module NavigationSystem (475)
[2020.04.22-06.11.42:807][ 23]LogModuleManager: Shutting down and abandoning module ImageWriteQueue (472)
